The target system is: Linux -  - aarch64
The host system is: Linux - 5.15.0-76-generic - x86_64
Compiling the CXX compiler identification source file "CMakeCXXCompilerId.cpp" succeeded.
Compiler: /opt/atk-dlrk356x-toolchain/bin/aarch64-buildroot-linux-gnu-g++ 
Build flags: 
Id flags:  

The output was:
0


Compilation of the CXX compiler identification source "CMakeCXXCompilerId.cpp" produced "a.out"

The CXX compiler identification is GNU, found in "/home/alientek/桌面/new_pj/build_arm/CMakeFiles/3.16.3/CompilerIdCXX/a.out"

Determining if the CXX compiler works passed with the following output:
Change Dir: /home/alientek/桌面/new_pj/build_arm/CMakeFiles/CMakeTmp

Run Build Command(s):/usr/bin/make cmTC_d3b20/fast && /usr/bin/make -f CMakeFiles/cmTC_d3b20.dir/build.make CMakeFiles/cmTC_d3b20.dir/build
make[1]: 进入目录“/home/alientek/桌面/new_pj/build_arm/CMakeFiles/CMakeTmp”
Building CXX object CMakeFiles/cmTC_d3b20.dir/testCXXCompiler.cxx.o
/opt/atk-dlrk356x-toolchain/bin/aarch64-buildroot-linux-gnu-g++ --sysroot=/opt/atk-dlrk356x-toolchain/aarch64-buildroot-linux-gnu/sysroot     -o CMakeFiles/cmTC_d3b20.dir/testCXXCompiler.cxx.o -c /home/alientek/桌面/new_pj/build_arm/CMakeFiles/CMakeTmp/testCXXCompiler.cxx
Linking CXX executable cmTC_d3b20
/usr/bin/cmake -E cmake_link_script CMakeFiles/cmTC_d3b20.dir/link.txt --verbose=1
/opt/atk-dlrk356x-toolchain/bin/aarch64-buildroot-linux-gnu-g++ --sysroot=/opt/atk-dlrk356x-toolchain/aarch64-buildroot-linux-gnu/sysroot       CMakeFiles/cmTC_d3b20.dir/testCXXCompiler.cxx.o  -o cmTC_d3b20 
make[1]: 离开目录“/home/alientek/桌面/new_pj/build_arm/CMakeFiles/CMakeTmp”



Detecting CXX compiler ABI info compiled with the following output:
Change Dir: /home/alientek/桌面/new_pj/build_arm/CMakeFiles/CMakeTmp

Run Build Command(s):/usr/bin/make cmTC_1f6fc/fast && /usr/bin/make -f CMakeFiles/cmTC_1f6fc.dir/build.make CMakeFiles/cmTC_1f6fc.dir/build
make[1]: Entering directory '/home/alientek/桌面/new_pj/build_arm/CMakeFiles/CMakeTmp'
Building CXX object CMakeFiles/cmTC_1f6fc.dir/CMakeCXXCompilerABI.cpp.o
/opt/atk-dlrk356x-toolchain/bin/aarch64-buildroot-linux-gnu-g++ --sysroot=/opt/atk-dlrk356x-toolchain/aarch64-buildroot-linux-gnu/sysroot    -v -o CMakeFiles/cmTC_1f6fc.dir/CMakeCXXCompilerABI.cpp.o -c /usr/share/cmake-3.16/Modules/CMakeCXXCompilerABI.cpp
Using built-in specs.
COLLECT_GCC=/opt/atk-dlrk356x-toolchain/bin/aarch64-buildroot-linux-gnu-g++.br_real
Target: aarch64-buildroot-linux-gnu
Configured with: ./configure --prefix=/home/alientek/ATK-DLRK3568/buildroot/output/rockchip_rk3568/host --sysconfdir=/home/alientek/ATK-DLRK3568/buildroot/output/rockchip_rk3568/host/etc --enable-static --target=aarch64-buildroot-linux-gnu --with-sysroot=/home/alientek/ATK-DLRK3568/buildroot/output/rockchip_rk3568/host/aarch64-buildroot-linux-gnu/sysroot --enable-__cxa_atexit --with-gnu-ld --disable-libssp --disable-multilib --disable-decimal-float --with-gmp=/home/alientek/ATK-DLRK3568/buildroot/output/rockchip_rk3568/host --with-mpc=/home/alientek/ATK-DLRK3568/buildroot/output/rockchip_rk3568/host --with-mpfr=/home/alientek/ATK-DLRK3568/buildroot/output/rockchip_rk3568/host --with-pkgversion='Buildroot 2018.02-rc3-g30e3a128' --with-bugurl=http://bugs.buildroot.net/ --without-zstd --disable-libquadmath --disable-libquadmath-support --enable-tls --enable-threads --without-isl --without-cloog --with-abi=lp64 --with-cpu=cortex-a55 --enable-languages=c,c++ --with-build-time-tools=/home/alientek/ATK-DLRK3568/buildroot/output/rockchip_rk3568/host/aarch64-buildroot-linux-gnu/bin --enable-shared --disable-libgomp
Thread model: posix
Supported LTO compression algorithms: zlib
gcc version 10.3.0 (Buildroot 2018.02-rc3-g30e3a128) 
COLLECT_GCC_OPTIONS='-v' '-o' 'CMakeFiles/cmTC_1f6fc.dir/CMakeCXXCompilerABI.cpp.o' '-c' '-shared-libgcc' '-mcpu=cortex-a55' '-mlittle-endian' '-mabi=lp64'
 /opt/atk-dlrk356x-toolchain/bin/../libexec/gcc/aarch64-buildroot-linux-gnu/10.3.0/cc1plus -quiet -v -iprefix /opt/atk-dlrk356x-toolchain/bin/../lib/gcc/aarch64-buildroot-linux-gnu/10.3.0/ -isysroot /opt/atk-dlrk356x-toolchain/aarch64-buildroot-linux-gnu/sysroot -D_GNU_SOURCE /usr/share/cmake-3.16/Modules/CMakeCXXCompilerABI.cpp -quiet -dumpbase CMakeCXXCompilerABI.cpp -mcpu=cortex-a55 -mlittle-endian -mabi=lp64 -auxbase-strip CMakeFiles/cmTC_1f6fc.dir/CMakeCXXCompilerABI.cpp.o -version -o /tmp/ccTMHOju.s
GNU C++14 (Buildroot 2018.02-rc3-g30e3a128) version 10.3.0 (aarch64-buildroot-linux-gnu)
	compiled by GNU C version 7.5.0, GMP version 6.1.2, MPFR version 3.1.6, MPC version 1.0.3, isl version none
GGC heuristics: --param ggc-min-expand=100 --param ggc-min-heapsize=131072
ignoring duplicate directory "/opt/atk-dlrk356x-toolchain/bin/../lib/gcc/../../lib/gcc/aarch64-buildroot-linux-gnu/10.3.0/../../../../aarch64-buildroot-linux-gnu/include/c++/10.3.0"
ignoring duplicate directory "/opt/atk-dlrk356x-toolchain/bin/../lib/gcc/../../lib/gcc/aarch64-buildroot-linux-gnu/10.3.0/../../../../aarch64-buildroot-linux-gnu/include/c++/10.3.0/aarch64-buildroot-linux-gnu"
ignoring duplicate directory "/opt/atk-dlrk356x-toolchain/bin/../lib/gcc/../../lib/gcc/aarch64-buildroot-linux-gnu/10.3.0/../../../../aarch64-buildroot-linux-gnu/include/c++/10.3.0/backward"
ignoring duplicate directory "/opt/atk-dlrk356x-toolchain/bin/../lib/gcc/../../lib/gcc/aarch64-buildroot-linux-gnu/10.3.0/include"
ignoring nonexistent directory "/opt/atk-dlrk356x-toolchain/aarch64-buildroot-linux-gnu/sysroot/usr/local/include"
ignoring duplicate directory "/opt/atk-dlrk356x-toolchain/bin/../lib/gcc/../../lib/gcc/aarch64-buildroot-linux-gnu/10.3.0/include-fixed"
ignoring duplicate directory "/opt/atk-dlrk356x-toolchain/bin/../lib/gcc/../../lib/gcc/aarch64-buildroot-linux-gnu/10.3.0/../../../../aarch64-buildroot-linux-gnu/include"
#include "..." search starts here:
#include <...> search starts here:
 /opt/atk-dlrk356x-toolchain/bin/../lib/gcc/aarch64-buildroot-linux-gnu/10.3.0/../../../../aarch64-buildroot-linux-gnu/include/c++/10.3.0
 /opt/atk-dlrk356x-toolchain/bin/../lib/gcc/aarch64-buildroot-linux-gnu/10.3.0/../../../../aarch64-buildroot-linux-gnu/include/c++/10.3.0/aarch64-buildroot-linux-gnu
 /opt/atk-dlrk356x-toolchain/bin/../lib/gcc/aarch64-buildroot-linux-gnu/10.3.0/../../../../aarch64-buildroot-linux-gnu/include/c++/10.3.0/backward
 /opt/atk-dlrk356x-toolchain/bin/../lib/gcc/aarch64-buildroot-linux-gnu/10.3.0/include
 /opt/atk-dlrk356x-toolchain/bin/../lib/gcc/aarch64-buildroot-linux-gnu/10.3.0/include-fixed
 /opt/atk-dlrk356x-toolchain/bin/../lib/gcc/aarch64-buildroot-linux-gnu/10.3.0/../../../../aarch64-buildroot-linux-gnu/include
 /opt/atk-dlrk356x-toolchain/aarch64-buildroot-linux-gnu/sysroot/usr/include
End of search list.
GNU C++14 (Buildroot 2018.02-rc3-g30e3a128) version 10.3.0 (aarch64-buildroot-linux-gnu)
	compiled by GNU C version 7.5.0, GMP version 6.1.2, MPFR version 3.1.6, MPC version 1.0.3, isl version none
GGC heuristics: --param ggc-min-expand=100 --param ggc-min-heapsize=131072
Compiler executable checksum: ea1fe0c19fa0b7e4225b5779b5fd59ff
COLLECT_GCC_OPTIONS='-v' '-o' 'CMakeFiles/cmTC_1f6fc.dir/CMakeCXXCompilerABI.cpp.o' '-c' '-shared-libgcc' '-mcpu=cortex-a55' '-mlittle-endian' '-mabi=lp64'
 /opt/atk-dlrk356x-toolchain/bin/../lib/gcc/aarch64-buildroot-linux-gnu/10.3.0/../../../../aarch64-buildroot-linux-gnu/bin/as -v -EL -march=armv8.2-a+fp16+rcpc+dotprod -mabi=lp64 -o CMakeFiles/cmTC_1f6fc.dir/CMakeCXXCompilerABI.cpp.o /tmp/ccTMHOju.s
GNU assembler version 2.36.1 (aarch64-buildroot-linux-gnu) using BFD version (GNU Binutils) 2.36.1
COMPILER_PATH=/opt/atk-dlrk356x-toolchain/bin/../libexec/gcc/aarch64-buildroot-linux-gnu/10.3.0/:/opt/atk-dlrk356x-toolchain/bin/../libexec/gcc/:/opt/atk-dlrk356x-toolchain/bin/../lib/gcc/aarch64-buildroot-linux-gnu/10.3.0/../../../../aarch64-buildroot-linux-gnu/bin/
LIBRARY_PATH=/opt/atk-dlrk356x-toolchain/bin/../lib/gcc/aarch64-buildroot-linux-gnu/10.3.0/:/opt/atk-dlrk356x-toolchain/bin/../lib/gcc/:/opt/atk-dlrk356x-toolchain/bin/../lib/gcc/aarch64-buildroot-linux-gnu/10.3.0/../../../../aarch64-buildroot-linux-gnu/lib/../lib64/:/opt/atk-dlrk356x-toolchain/aarch64-buildroot-linux-gnu/sysroot/lib/../lib64/:/opt/atk-dlrk356x-toolchain/aarch64-buildroot-linux-gnu/sysroot/usr/lib/../lib64/:/opt/atk-dlrk356x-toolchain/bin/../lib/gcc/aarch64-buildroot-linux-gnu/10.3.0/../../../../aarch64-buildroot-linux-gnu/lib/:/opt/atk-dlrk356x-toolchain/aarch64-buildroot-linux-gnu/sysroot/lib/:/opt/atk-dlrk356x-toolchain/aarch64-buildroot-linux-gnu/sysroot/usr/lib/
COLLECT_GCC_OPTIONS='-v' '-o' 'CMakeFiles/cmTC_1f6fc.dir/CMakeCXXCompilerABI.cpp.o' '-c' '-shared-libgcc' '-mcpu=cortex-a55' '-mlittle-endian' '-mabi=lp64'
Linking CXX executable cmTC_1f6fc
/usr/bin/cmake -E cmake_link_script CMakeFiles/cmTC_1f6fc.dir/link.txt --verbose=1
/opt/atk-dlrk356x-toolchain/bin/aarch64-buildroot-linux-gnu-g++ --sysroot=/opt/atk-dlrk356x-toolchain/aarch64-buildroot-linux-gnu/sysroot      -v CMakeFiles/cmTC_1f6fc.dir/CMakeCXXCompilerABI.cpp.o  -o cmTC_1f6fc 
Using built-in specs.
COLLECT_GCC=/opt/atk-dlrk356x-toolchain/bin/aarch64-buildroot-linux-gnu-g++.br_real
COLLECT_LTO_WRAPPER=/opt/atk-dlrk356x-toolchain/bin/../libexec/gcc/aarch64-buildroot-linux-gnu/10.3.0/lto-wrapper
Target: aarch64-buildroot-linux-gnu
Configured with: ./configure --prefix=/home/alientek/ATK-DLRK3568/buildroot/output/rockchip_rk3568/host --sysconfdir=/home/alientek/ATK-DLRK3568/buildroot/output/rockchip_rk3568/host/etc --enable-static --target=aarch64-buildroot-linux-gnu --with-sysroot=/home/alientek/ATK-DLRK3568/buildroot/output/rockchip_rk3568/host/aarch64-buildroot-linux-gnu/sysroot --enable-__cxa_atexit --with-gnu-ld --disable-libssp --disable-multilib --disable-decimal-float --with-gmp=/home/alientek/ATK-DLRK3568/buildroot/output/rockchip_rk3568/host --with-mpc=/home/alientek/ATK-DLRK3568/buildroot/output/rockchip_rk3568/host --with-mpfr=/home/alientek/ATK-DLRK3568/buildroot/output/rockchip_rk3568/host --with-pkgversion='Buildroot 2018.02-rc3-g30e3a128' --with-bugurl=http://bugs.buildroot.net/ --without-zstd --disable-libquadmath --disable-libquadmath-support --enable-tls --enable-threads --without-isl --without-cloog --with-abi=lp64 --with-cpu=cortex-a55 --enable-languages=c,c++ --with-build-time-tools=/home/alientek/ATK-DLRK3568/buildroot/output/rockchip_rk3568/host/aarch64-buildroot-linux-gnu/bin --enable-shared --disable-libgomp
Thread model: posix
Supported LTO compression algorithms: zlib
gcc version 10.3.0 (Buildroot 2018.02-rc3-g30e3a128) 
COMPILER_PATH=/opt/atk-dlrk356x-toolchain/bin/../libexec/gcc/aarch64-buildroot-linux-gnu/10.3.0/:/opt/atk-dlrk356x-toolchain/bin/../libexec/gcc/:/opt/atk-dlrk356x-toolchain/bin/../lib/gcc/aarch64-buildroot-linux-gnu/10.3.0/../../../../aarch64-buildroot-linux-gnu/bin/
LIBRARY_PATH=/opt/atk-dlrk356x-toolchain/bin/../lib/gcc/aarch64-buildroot-linux-gnu/10.3.0/:/opt/atk-dlrk356x-toolchain/bin/../lib/gcc/:/opt/atk-dlrk356x-toolchain/bin/../lib/gcc/aarch64-buildroot-linux-gnu/10.3.0/../../../../aarch64-buildroot-linux-gnu/lib/../lib64/:/opt/atk-dlrk356x-toolchain/aarch64-buildroot-linux-gnu/sysroot/lib/../lib64/:/opt/atk-dlrk356x-toolchain/aarch64-buildroot-linux-gnu/sysroot/usr/lib/../lib64/:/opt/atk-dlrk356x-toolchain/bin/../lib/gcc/aarch64-buildroot-linux-gnu/10.3.0/../../../../aarch64-buildroot-linux-gnu/lib/:/opt/atk-dlrk356x-toolchain/aarch64-buildroot-linux-gnu/sysroot/lib/:/opt/atk-dlrk356x-toolchain/aarch64-buildroot-linux-gnu/sysroot/usr/lib/
COLLECT_GCC_OPTIONS='-v' '-o' 'cmTC_1f6fc' '-shared-libgcc' '-mcpu=cortex-a55' '-mlittle-endian' '-mabi=lp64'
 /opt/atk-dlrk356x-toolchain/bin/../libexec/gcc/aarch64-buildroot-linux-gnu/10.3.0/collect2 -plugin /opt/atk-dlrk356x-toolchain/bin/../libexec/gcc/aarch64-buildroot-linux-gnu/10.3.0/liblto_plugin.so -plugin-opt=/opt/atk-dlrk356x-toolchain/bin/../libexec/gcc/aarch64-buildroot-linux-gnu/10.3.0/lto-wrapper -plugin-opt=-fresolution=/tmp/ccBk4i5V.res -plugin-opt=-pass-through=-lgcc_s -plugin-opt=-pass-through=-lgcc -plugin-opt=-pass-through=-lc -plugin-opt=-pass-through=-lgcc_s -plugin-opt=-pass-through=-lgcc --sysroot=/opt/atk-dlrk356x-toolchain/aarch64-buildroot-linux-gnu/sysroot --eh-frame-hdr -dynamic-linker /lib/ld-linux-aarch64.so.1 -X -EL -maarch64linux -o cmTC_1f6fc /opt/atk-dlrk356x-toolchain/aarch64-buildroot-linux-gnu/sysroot/usr/lib/../lib64/crt1.o /opt/atk-dlrk356x-toolchain/aarch64-buildroot-linux-gnu/sysroot/usr/lib/../lib64/crti.o /opt/atk-dlrk356x-toolchain/bin/../lib/gcc/aarch64-buildroot-linux-gnu/10.3.0/crtbegin.o -L/opt/atk-dlrk356x-toolchain/bin/../lib/gcc/aarch64-buildroot-linux-gnu/10.3.0 -L/opt/atk-dlrk356x-toolchain/bin/../lib/gcc -L/opt/atk-dlrk356x-toolchain/bin/../lib/gcc/aarch64-buildroot-linux-gnu/10.3.0/../../../../aarch64-buildroot-linux-gnu/lib/../lib64 -L/opt/atk-dlrk356x-toolchain/aarch64-buildroot-linux-gnu/sysroot/lib/../lib64 -L/opt/atk-dlrk356x-toolchain/aarch64-buildroot-linux-gnu/sysroot/usr/lib/../lib64 -L/opt/atk-dlrk356x-toolchain/bin/../lib/gcc/aarch64-buildroot-linux-gnu/10.3.0/../../../../aarch64-buildroot-linux-gnu/lib -L/opt/atk-dlrk356x-toolchain/aarch64-buildroot-linux-gnu/sysroot/lib -L/opt/atk-dlrk356x-toolchain/aarch64-buildroot-linux-gnu/sysroot/usr/lib CMakeFiles/cmTC_1f6fc.dir/CMakeCXXCompilerABI.cpp.o -lstdc++ -lm -lgcc_s -lgcc -lc -lgcc_s -lgcc /opt/atk-dlrk356x-toolchain/bin/../lib/gcc/aarch64-buildroot-linux-gnu/10.3.0/crtend.o /opt/atk-dlrk356x-toolchain/aarch64-buildroot-linux-gnu/sysroot/usr/lib/../lib64/crtn.o
COLLECT_GCC_OPTIONS='-v' '-o' 'cmTC_1f6fc' '-shared-libgcc' '-mcpu=cortex-a55' '-mlittle-endian' '-mabi=lp64'
make[1]: Leaving directory '/home/alientek/桌面/new_pj/build_arm/CMakeFiles/CMakeTmp'



Parsed CXX implicit include dir info from above output: rv=done
  found start of include info
  found start of implicit include info
    add: [/opt/atk-dlrk356x-toolchain/bin/../lib/gcc/aarch64-buildroot-linux-gnu/10.3.0/../../../../aarch64-buildroot-linux-gnu/include/c++/10.3.0]
    add: [/opt/atk-dlrk356x-toolchain/bin/../lib/gcc/aarch64-buildroot-linux-gnu/10.3.0/../../../../aarch64-buildroot-linux-gnu/include/c++/10.3.0/aarch64-buildroot-linux-gnu]
    add: [/opt/atk-dlrk356x-toolchain/bin/../lib/gcc/aarch64-buildroot-linux-gnu/10.3.0/../../../../aarch64-buildroot-linux-gnu/include/c++/10.3.0/backward]
    add: [/opt/atk-dlrk356x-toolchain/bin/../lib/gcc/aarch64-buildroot-linux-gnu/10.3.0/include]
    add: [/opt/atk-dlrk356x-toolchain/bin/../lib/gcc/aarch64-buildroot-linux-gnu/10.3.0/include-fixed]
    add: [/opt/atk-dlrk356x-toolchain/bin/../lib/gcc/aarch64-buildroot-linux-gnu/10.3.0/../../../../aarch64-buildroot-linux-gnu/include]
    add: [/opt/atk-dlrk356x-toolchain/aarch64-buildroot-linux-gnu/sysroot/usr/include]
  end of search list found
  collapse include dir [/opt/atk-dlrk356x-toolchain/bin/../lib/gcc/aarch64-buildroot-linux-gnu/10.3.0/../../../../aarch64-buildroot-linux-gnu/include/c++/10.3.0] ==> [/opt/atk-dlrk356x-toolchain/aarch64-buildroot-linux-gnu/include/c++/10.3.0]
  collapse include dir [/opt/atk-dlrk356x-toolchain/bin/../lib/gcc/aarch64-buildroot-linux-gnu/10.3.0/../../../../aarch64-buildroot-linux-gnu/include/c++/10.3.0/aarch64-buildroot-linux-gnu] ==> [/opt/atk-dlrk356x-toolchain/aarch64-buildroot-linux-gnu/include/c++/10.3.0/aarch64-buildroot-linux-gnu]
  collapse include dir [/opt/atk-dlrk356x-toolchain/bin/../lib/gcc/aarch64-buildroot-linux-gnu/10.3.0/../../../../aarch64-buildroot-linux-gnu/include/c++/10.3.0/backward] ==> [/opt/atk-dlrk356x-toolchain/aarch64-buildroot-linux-gnu/include/c++/10.3.0/backward]
  collapse include dir [/opt/atk-dlrk356x-toolchain/bin/../lib/gcc/aarch64-buildroot-linux-gnu/10.3.0/include] ==> [/opt/atk-dlrk356x-toolchain/lib/gcc/aarch64-buildroot-linux-gnu/10.3.0/include]
  collapse include dir [/opt/atk-dlrk356x-toolchain/bin/../lib/gcc/aarch64-buildroot-linux-gnu/10.3.0/include-fixed] ==> [/opt/atk-dlrk356x-toolchain/lib/gcc/aarch64-buildroot-linux-gnu/10.3.0/include-fixed]
  collapse include dir [/opt/atk-dlrk356x-toolchain/bin/../lib/gcc/aarch64-buildroot-linux-gnu/10.3.0/../../../../aarch64-buildroot-linux-gnu/include] ==> [/opt/atk-dlrk356x-toolchain/aarch64-buildroot-linux-gnu/include]
  collapse include dir [/opt/atk-dlrk356x-toolchain/aarch64-buildroot-linux-gnu/sysroot/usr/include] ==> [/opt/atk-dlrk356x-toolchain/aarch64-buildroot-linux-gnu/sysroot/usr/include]
  implicit include dirs: [/opt/atk-dlrk356x-toolchain/aarch64-buildroot-linux-gnu/include/c++/10.3.0;/opt/atk-dlrk356x-toolchain/aarch64-buildroot-linux-gnu/include/c++/10.3.0/aarch64-buildroot-linux-gnu;/opt/atk-dlrk356x-toolchain/aarch64-buildroot-linux-gnu/include/c++/10.3.0/backward;/opt/atk-dlrk356x-toolchain/lib/gcc/aarch64-buildroot-linux-gnu/10.3.0/include;/opt/atk-dlrk356x-toolchain/lib/gcc/aarch64-buildroot-linux-gnu/10.3.0/include-fixed;/opt/atk-dlrk356x-toolchain/aarch64-buildroot-linux-gnu/include;/opt/atk-dlrk356x-toolchain/aarch64-buildroot-linux-gnu/sysroot/usr/include]


Parsed CXX implicit link information from above output:
  link line regex: [^( *|.*[/\])(aarch64-buildroot-linux-gnu-ld|CMAKE_LINK_STARTFILE-NOTFOUND|([^/\]+-)?ld|collect2)[^/\]*( |$)]
  ignore line: [Change Dir: /home/alientek/桌面/new_pj/build_arm/CMakeFiles/CMakeTmp]
  ignore line: []
  ignore line: [Run Build Command(s):/usr/bin/make cmTC_1f6fc/fast && /usr/bin/make -f CMakeFiles/cmTC_1f6fc.dir/build.make CMakeFiles/cmTC_1f6fc.dir/build]
  ignore line: [make[1]: Entering directory '/home/alientek/桌面/new_pj/build_arm/CMakeFiles/CMakeTmp']
  ignore line: [Building CXX object CMakeFiles/cmTC_1f6fc.dir/CMakeCXXCompilerABI.cpp.o]
  ignore line: [/opt/atk-dlrk356x-toolchain/bin/aarch64-buildroot-linux-gnu-g++ --sysroot=/opt/atk-dlrk356x-toolchain/aarch64-buildroot-linux-gnu/sysroot    -v -o CMakeFiles/cmTC_1f6fc.dir/CMakeCXXCompilerABI.cpp.o -c /usr/share/cmake-3.16/Modules/CMakeCXXCompilerABI.cpp]
  ignore line: [Using built-in specs.]
  ignore line: [COLLECT_GCC=/opt/atk-dlrk356x-toolchain/bin/aarch64-buildroot-linux-gnu-g++.br_real]
  ignore line: [Target: aarch64-buildroot-linux-gnu]
  ignore line: [Configured with: ./configure --prefix=/home/alientek/ATK-DLRK3568/buildroot/output/rockchip_rk3568/host --sysconfdir=/home/alientek/ATK-DLRK3568/buildroot/output/rockchip_rk3568/host/etc --enable-static --target=aarch64-buildroot-linux-gnu --with-sysroot=/home/alientek/ATK-DLRK3568/buildroot/output/rockchip_rk3568/host/aarch64-buildroot-linux-gnu/sysroot --enable-__cxa_atexit --with-gnu-ld --disable-libssp --disable-multilib --disable-decimal-float --with-gmp=/home/alientek/ATK-DLRK3568/buildroot/output/rockchip_rk3568/host --with-mpc=/home/alientek/ATK-DLRK3568/buildroot/output/rockchip_rk3568/host --with-mpfr=/home/alientek/ATK-DLRK3568/buildroot/output/rockchip_rk3568/host --with-pkgversion='Buildroot 2018.02-rc3-g30e3a128' --with-bugurl=http://bugs.buildroot.net/ --without-zstd --disable-libquadmath --disable-libquadmath-support --enable-tls --enable-threads --without-isl --without-cloog --with-abi=lp64 --with-cpu=cortex-a55 --enable-languages=c,c++ --with-build-time-tools=/home/alientek/ATK-DLRK3568/buildroot/output/rockchip_rk3568/host/aarch64-buildroot-linux-gnu/bin --enable-shared --disable-libgomp]
  ignore line: [Thread model: posix]
  ignore line: [Supported LTO compression algorithms: zlib]
  ignore line: [gcc version 10.3.0 (Buildroot 2018.02-rc3-g30e3a128) ]
  ignore line: [COLLECT_GCC_OPTIONS='-v' '-o' 'CMakeFiles/cmTC_1f6fc.dir/CMakeCXXCompilerABI.cpp.o' '-c' '-shared-libgcc' '-mcpu=cortex-a55' '-mlittle-endian' '-mabi=lp64']
  ignore line: [ /opt/atk-dlrk356x-toolchain/bin/../libexec/gcc/aarch64-buildroot-linux-gnu/10.3.0/cc1plus -quiet -v -iprefix /opt/atk-dlrk356x-toolchain/bin/../lib/gcc/aarch64-buildroot-linux-gnu/10.3.0/ -isysroot /opt/atk-dlrk356x-toolchain/aarch64-buildroot-linux-gnu/sysroot -D_GNU_SOURCE /usr/share/cmake-3.16/Modules/CMakeCXXCompilerABI.cpp -quiet -dumpbase CMakeCXXCompilerABI.cpp -mcpu=cortex-a55 -mlittle-endian -mabi=lp64 -auxbase-strip CMakeFiles/cmTC_1f6fc.dir/CMakeCXXCompilerABI.cpp.o -version -o /tmp/ccTMHOju.s]
  ignore line: [GNU C++14 (Buildroot 2018.02-rc3-g30e3a128) version 10.3.0 (aarch64-buildroot-linux-gnu)]
  ignore line: [	compiled by GNU C version 7.5.0  GMP version 6.1.2  MPFR version 3.1.6  MPC version 1.0.3  isl version none]
  ignore line: [GGC heuristics: --param ggc-min-expand=100 --param ggc-min-heapsize=131072]
  ignore line: [ignoring duplicate directory "/opt/atk-dlrk356x-toolchain/bin/../lib/gcc/../../lib/gcc/aarch64-buildroot-linux-gnu/10.3.0/../../../../aarch64-buildroot-linux-gnu/include/c++/10.3.0"]
  ignore line: [ignoring duplicate directory "/opt/atk-dlrk356x-toolchain/bin/../lib/gcc/../../lib/gcc/aarch64-buildroot-linux-gnu/10.3.0/../../../../aarch64-buildroot-linux-gnu/include/c++/10.3.0/aarch64-buildroot-linux-gnu"]
  ignore line: [ignoring duplicate directory "/opt/atk-dlrk356x-toolchain/bin/../lib/gcc/../../lib/gcc/aarch64-buildroot-linux-gnu/10.3.0/../../../../aarch64-buildroot-linux-gnu/include/c++/10.3.0/backward"]
  ignore line: [ignoring duplicate directory "/opt/atk-dlrk356x-toolchain/bin/../lib/gcc/../../lib/gcc/aarch64-buildroot-linux-gnu/10.3.0/include"]
  ignore line: [ignoring nonexistent directory "/opt/atk-dlrk356x-toolchain/aarch64-buildroot-linux-gnu/sysroot/usr/local/include"]
  ignore line: [ignoring duplicate directory "/opt/atk-dlrk356x-toolchain/bin/../lib/gcc/../../lib/gcc/aarch64-buildroot-linux-gnu/10.3.0/include-fixed"]
  ignore line: [ignoring duplicate directory "/opt/atk-dlrk356x-toolchain/bin/../lib/gcc/../../lib/gcc/aarch64-buildroot-linux-gnu/10.3.0/../../../../aarch64-buildroot-linux-gnu/include"]
  ignore line: [#include "..." search starts here:]
  ignore line: [#include <...> search starts here:]
  ignore line: [ /opt/atk-dlrk356x-toolchain/bin/../lib/gcc/aarch64-buildroot-linux-gnu/10.3.0/../../../../aarch64-buildroot-linux-gnu/include/c++/10.3.0]
  ignore line: [ /opt/atk-dlrk356x-toolchain/bin/../lib/gcc/aarch64-buildroot-linux-gnu/10.3.0/../../../../aarch64-buildroot-linux-gnu/include/c++/10.3.0/aarch64-buildroot-linux-gnu]
  ignore line: [ /opt/atk-dlrk356x-toolchain/bin/../lib/gcc/aarch64-buildroot-linux-gnu/10.3.0/../../../../aarch64-buildroot-linux-gnu/include/c++/10.3.0/backward]
  ignore line: [ /opt/atk-dlrk356x-toolchain/bin/../lib/gcc/aarch64-buildroot-linux-gnu/10.3.0/include]
  ignore line: [ /opt/atk-dlrk356x-toolchain/bin/../lib/gcc/aarch64-buildroot-linux-gnu/10.3.0/include-fixed]
  ignore line: [ /opt/atk-dlrk356x-toolchain/bin/../lib/gcc/aarch64-buildroot-linux-gnu/10.3.0/../../../../aarch64-buildroot-linux-gnu/include]
  ignore line: [ /opt/atk-dlrk356x-toolchain/aarch64-buildroot-linux-gnu/sysroot/usr/include]
  ignore line: [End of search list.]
  ignore line: [GNU C++14 (Buildroot 2018.02-rc3-g30e3a128) version 10.3.0 (aarch64-buildroot-linux-gnu)]
  ignore line: [	compiled by GNU C version 7.5.0  GMP version 6.1.2  MPFR version 3.1.6  MPC version 1.0.3  isl version none]
  ignore line: [GGC heuristics: --param ggc-min-expand=100 --param ggc-min-heapsize=131072]
  ignore line: [Compiler executable checksum: ea1fe0c19fa0b7e4225b5779b5fd59ff]
  ignore line: [COLLECT_GCC_OPTIONS='-v' '-o' 'CMakeFiles/cmTC_1f6fc.dir/CMakeCXXCompilerABI.cpp.o' '-c' '-shared-libgcc' '-mcpu=cortex-a55' '-mlittle-endian' '-mabi=lp64']
  ignore line: [ /opt/atk-dlrk356x-toolchain/bin/../lib/gcc/aarch64-buildroot-linux-gnu/10.3.0/../../../../aarch64-buildroot-linux-gnu/bin/as -v -EL -march=armv8.2-a+fp16+rcpc+dotprod -mabi=lp64 -o CMakeFiles/cmTC_1f6fc.dir/CMakeCXXCompilerABI.cpp.o /tmp/ccTMHOju.s]
  ignore line: [GNU assembler version 2.36.1 (aarch64-buildroot-linux-gnu) using BFD version (GNU Binutils) 2.36.1]
  ignore line: [COMPILER_PATH=/opt/atk-dlrk356x-toolchain/bin/../libexec/gcc/aarch64-buildroot-linux-gnu/10.3.0/:/opt/atk-dlrk356x-toolchain/bin/../libexec/gcc/:/opt/atk-dlrk356x-toolchain/bin/../lib/gcc/aarch64-buildroot-linux-gnu/10.3.0/../../../../aarch64-buildroot-linux-gnu/bin/]
  ignore line: [LIBRARY_PATH=/opt/atk-dlrk356x-toolchain/bin/../lib/gcc/aarch64-buildroot-linux-gnu/10.3.0/:/opt/atk-dlrk356x-toolchain/bin/../lib/gcc/:/opt/atk-dlrk356x-toolchain/bin/../lib/gcc/aarch64-buildroot-linux-gnu/10.3.0/../../../../aarch64-buildroot-linux-gnu/lib/../lib64/:/opt/atk-dlrk356x-toolchain/aarch64-buildroot-linux-gnu/sysroot/lib/../lib64/:/opt/atk-dlrk356x-toolchain/aarch64-buildroot-linux-gnu/sysroot/usr/lib/../lib64/:/opt/atk-dlrk356x-toolchain/bin/../lib/gcc/aarch64-buildroot-linux-gnu/10.3.0/../../../../aarch64-buildroot-linux-gnu/lib/:/opt/atk-dlrk356x-toolchain/aarch64-buildroot-linux-gnu/sysroot/lib/:/opt/atk-dlrk356x-toolchain/aarch64-buildroot-linux-gnu/sysroot/usr/lib/]
  ignore line: [COLLECT_GCC_OPTIONS='-v' '-o' 'CMakeFiles/cmTC_1f6fc.dir/CMakeCXXCompilerABI.cpp.o' '-c' '-shared-libgcc' '-mcpu=cortex-a55' '-mlittle-endian' '-mabi=lp64']
  ignore line: [Linking CXX executable cmTC_1f6fc]
  ignore line: [/usr/bin/cmake -E cmake_link_script CMakeFiles/cmTC_1f6fc.dir/link.txt --verbose=1]
  ignore line: [/opt/atk-dlrk356x-toolchain/bin/aarch64-buildroot-linux-gnu-g++ --sysroot=/opt/atk-dlrk356x-toolchain/aarch64-buildroot-linux-gnu/sysroot      -v CMakeFiles/cmTC_1f6fc.dir/CMakeCXXCompilerABI.cpp.o  -o cmTC_1f6fc ]
  ignore line: [Using built-in specs.]
  ignore line: [COLLECT_GCC=/opt/atk-dlrk356x-toolchain/bin/aarch64-buildroot-linux-gnu-g++.br_real]
  ignore line: [COLLECT_LTO_WRAPPER=/opt/atk-dlrk356x-toolchain/bin/../libexec/gcc/aarch64-buildroot-linux-gnu/10.3.0/lto-wrapper]
  ignore line: [Target: aarch64-buildroot-linux-gnu]
  ignore line: [Configured with: ./configure --prefix=/home/alientek/ATK-DLRK3568/buildroot/output/rockchip_rk3568/host --sysconfdir=/home/alientek/ATK-DLRK3568/buildroot/output/rockchip_rk3568/host/etc --enable-static --target=aarch64-buildroot-linux-gnu --with-sysroot=/home/alientek/ATK-DLRK3568/buildroot/output/rockchip_rk3568/host/aarch64-buildroot-linux-gnu/sysroot --enable-__cxa_atexit --with-gnu-ld --disable-libssp --disable-multilib --disable-decimal-float --with-gmp=/home/alientek/ATK-DLRK3568/buildroot/output/rockchip_rk3568/host --with-mpc=/home/alientek/ATK-DLRK3568/buildroot/output/rockchip_rk3568/host --with-mpfr=/home/alientek/ATK-DLRK3568/buildroot/output/rockchip_rk3568/host --with-pkgversion='Buildroot 2018.02-rc3-g30e3a128' --with-bugurl=http://bugs.buildroot.net/ --without-zstd --disable-libquadmath --disable-libquadmath-support --enable-tls --enable-threads --without-isl --without-cloog --with-abi=lp64 --with-cpu=cortex-a55 --enable-languages=c,c++ --with-build-time-tools=/home/alientek/ATK-DLRK3568/buildroot/output/rockchip_rk3568/host/aarch64-buildroot-linux-gnu/bin --enable-shared --disable-libgomp]
  ignore line: [Thread model: posix]
  ignore line: [Supported LTO compression algorithms: zlib]
  ignore line: [gcc version 10.3.0 (Buildroot 2018.02-rc3-g30e3a128) ]
  ignore line: [COMPILER_PATH=/opt/atk-dlrk356x-toolchain/bin/../libexec/gcc/aarch64-buildroot-linux-gnu/10.3.0/:/opt/atk-dlrk356x-toolchain/bin/../libexec/gcc/:/opt/atk-dlrk356x-toolchain/bin/../lib/gcc/aarch64-buildroot-linux-gnu/10.3.0/../../../../aarch64-buildroot-linux-gnu/bin/]
  ignore line: [LIBRARY_PATH=/opt/atk-dlrk356x-toolchain/bin/../lib/gcc/aarch64-buildroot-linux-gnu/10.3.0/:/opt/atk-dlrk356x-toolchain/bin/../lib/gcc/:/opt/atk-dlrk356x-toolchain/bin/../lib/gcc/aarch64-buildroot-linux-gnu/10.3.0/../../../../aarch64-buildroot-linux-gnu/lib/../lib64/:/opt/atk-dlrk356x-toolchain/aarch64-buildroot-linux-gnu/sysroot/lib/../lib64/:/opt/atk-dlrk356x-toolchain/aarch64-buildroot-linux-gnu/sysroot/usr/lib/../lib64/:/opt/atk-dlrk356x-toolchain/bin/../lib/gcc/aarch64-buildroot-linux-gnu/10.3.0/../../../../aarch64-buildroot-linux-gnu/lib/:/opt/atk-dlrk356x-toolchain/aarch64-buildroot-linux-gnu/sysroot/lib/:/opt/atk-dlrk356x-toolchain/aarch64-buildroot-linux-gnu/sysroot/usr/lib/]
  ignore line: [COLLECT_GCC_OPTIONS='-v' '-o' 'cmTC_1f6fc' '-shared-libgcc' '-mcpu=cortex-a55' '-mlittle-endian' '-mabi=lp64']
  link line: [ /opt/atk-dlrk356x-toolchain/bin/../libexec/gcc/aarch64-buildroot-linux-gnu/10.3.0/collect2 -plugin /opt/atk-dlrk356x-toolchain/bin/../libexec/gcc/aarch64-buildroot-linux-gnu/10.3.0/liblto_plugin.so -plugin-opt=/opt/atk-dlrk356x-toolchain/bin/../libexec/gcc/aarch64-buildroot-linux-gnu/10.3.0/lto-wrapper -plugin-opt=-fresolution=/tmp/ccBk4i5V.res -plugin-opt=-pass-through=-lgcc_s -plugin-opt=-pass-through=-lgcc -plugin-opt=-pass-through=-lc -plugin-opt=-pass-through=-lgcc_s -plugin-opt=-pass-through=-lgcc --sysroot=/opt/atk-dlrk356x-toolchain/aarch64-buildroot-linux-gnu/sysroot --eh-frame-hdr -dynamic-linker /lib/ld-linux-aarch64.so.1 -X -EL -maarch64linux -o cmTC_1f6fc /opt/atk-dlrk356x-toolchain/aarch64-buildroot-linux-gnu/sysroot/usr/lib/../lib64/crt1.o /opt/atk-dlrk356x-toolchain/aarch64-buildroot-linux-gnu/sysroot/usr/lib/../lib64/crti.o /opt/atk-dlrk356x-toolchain/bin/../lib/gcc/aarch64-buildroot-linux-gnu/10.3.0/crtbegin.o -L/opt/atk-dlrk356x-toolchain/bin/../lib/gcc/aarch64-buildroot-linux-gnu/10.3.0 -L/opt/atk-dlrk356x-toolchain/bin/../lib/gcc -L/opt/atk-dlrk356x-toolchain/bin/../lib/gcc/aarch64-buildroot-linux-gnu/10.3.0/../../../../aarch64-buildroot-linux-gnu/lib/../lib64 -L/opt/atk-dlrk356x-toolchain/aarch64-buildroot-linux-gnu/sysroot/lib/../lib64 -L/opt/atk-dlrk356x-toolchain/aarch64-buildroot-linux-gnu/sysroot/usr/lib/../lib64 -L/opt/atk-dlrk356x-toolchain/bin/../lib/gcc/aarch64-buildroot-linux-gnu/10.3.0/../../../../aarch64-buildroot-linux-gnu/lib -L/opt/atk-dlrk356x-toolchain/aarch64-buildroot-linux-gnu/sysroot/lib -L/opt/atk-dlrk356x-toolchain/aarch64-buildroot-linux-gnu/sysroot/usr/lib CMakeFiles/cmTC_1f6fc.dir/CMakeCXXCompilerABI.cpp.o -lstdc++ -lm -lgcc_s -lgcc -lc -lgcc_s -lgcc /opt/atk-dlrk356x-toolchain/bin/../lib/gcc/aarch64-buildroot-linux-gnu/10.3.0/crtend.o /opt/atk-dlrk356x-toolchain/aarch64-buildroot-linux-gnu/sysroot/usr/lib/../lib64/crtn.o]
    arg [/opt/atk-dlrk356x-toolchain/bin/../libexec/gcc/aarch64-buildroot-linux-gnu/10.3.0/collect2] ==> ignore
    arg [-plugin] ==> ignore
    arg [/opt/atk-dlrk356x-toolchain/bin/../libexec/gcc/aarch64-buildroot-linux-gnu/10.3.0/liblto_plugin.so] ==> ignore
    arg [-plugin-opt=/opt/atk-dlrk356x-toolchain/bin/../libexec/gcc/aarch64-buildroot-linux-gnu/10.3.0/lto-wrapper] ==> ignore
    arg [-plugin-opt=-fresolution=/tmp/ccBk4i5V.res] ==> ignore
    arg [-plugin-opt=-pass-through=-lgcc_s] ==> ignore
    arg [-plugin-opt=-pass-through=-lgcc] ==> ignore
    arg [-plugin-opt=-pass-through=-lc] ==> ignore
    arg [-plugin-opt=-pass-through=-lgcc_s] ==> ignore
    arg [-plugin-opt=-pass-through=-lgcc] ==> ignore
    arg [--sysroot=/opt/atk-dlrk356x-toolchain/aarch64-buildroot-linux-gnu/sysroot] ==> ignore
    arg [--eh-frame-hdr] ==> ignore
    arg [-dynamic-linker] ==> ignore
    arg [/lib/ld-linux-aarch64.so.1] ==> ignore
    arg [-X] ==> ignore
    arg [-EL] ==> ignore
    arg [-maarch64linux] ==> ignore
    arg [-o] ==> ignore
    arg [cmTC_1f6fc] ==> ignore
    arg [/opt/atk-dlrk356x-toolchain/aarch64-buildroot-linux-gnu/sysroot/usr/lib/../lib64/crt1.o] ==> ignore
    arg [/opt/atk-dlrk356x-toolchain/aarch64-buildroot-linux-gnu/sysroot/usr/lib/../lib64/crti.o] ==> ignore
    arg [/opt/atk-dlrk356x-toolchain/bin/../lib/gcc/aarch64-buildroot-linux-gnu/10.3.0/crtbegin.o] ==> ignore
    arg [-L/opt/atk-dlrk356x-toolchain/bin/../lib/gcc/aarch64-buildroot-linux-gnu/10.3.0] ==> dir [/opt/atk-dlrk356x-toolchain/bin/../lib/gcc/aarch64-buildroot-linux-gnu/10.3.0]
    arg [-L/opt/atk-dlrk356x-toolchain/bin/../lib/gcc] ==> dir [/opt/atk-dlrk356x-toolchain/bin/../lib/gcc]
    arg [-L/opt/atk-dlrk356x-toolchain/bin/../lib/gcc/aarch64-buildroot-linux-gnu/10.3.0/../../../../aarch64-buildroot-linux-gnu/lib/../lib64] ==> dir [/opt/atk-dlrk356x-toolchain/bin/../lib/gcc/aarch64-buildroot-linux-gnu/10.3.0/../../../../aarch64-buildroot-linux-gnu/lib/../lib64]
    arg [-L/opt/atk-dlrk356x-toolchain/aarch64-buildroot-linux-gnu/sysroot/lib/../lib64] ==> dir [/opt/atk-dlrk356x-toolchain/aarch64-buildroot-linux-gnu/sysroot/lib/../lib64]
    arg [-L/opt/atk-dlrk356x-toolchain/aarch64-buildroot-linux-gnu/sysroot/usr/lib/../lib64] ==> dir [/opt/atk-dlrk356x-toolchain/aarch64-buildroot-linux-gnu/sysroot/usr/lib/../lib64]
    arg [-L/opt/atk-dlrk356x-toolchain/bin/../lib/gcc/aarch64-buildroot-linux-gnu/10.3.0/../../../../aarch64-buildroot-linux-gnu/lib] ==> dir [/opt/atk-dlrk356x-toolchain/bin/../lib/gcc/aarch64-buildroot-linux-gnu/10.3.0/../../../../aarch64-buildroot-linux-gnu/lib]
    arg [-L/opt/atk-dlrk356x-toolchain/aarch64-buildroot-linux-gnu/sysroot/lib] ==> dir [/opt/atk-dlrk356x-toolchain/aarch64-buildroot-linux-gnu/sysroot/lib]
    arg [-L/opt/atk-dlrk356x-toolchain/aarch64-buildroot-linux-gnu/sysroot/usr/lib] ==> dir [/opt/atk-dlrk356x-toolchain/aarch64-buildroot-linux-gnu/sysroot/usr/lib]
    arg [CMakeFiles/cmTC_1f6fc.dir/CMakeCXXCompilerABI.cpp.o] ==> ignore
    arg [-lstdc++] ==> lib [stdc++]
    arg [-lm] ==> lib [m]
    arg [-lgcc_s] ==> lib [gcc_s]
    arg [-lgcc] ==> lib [gcc]
    arg [-lc] ==> lib [c]
    arg [-lgcc_s] ==> lib [gcc_s]
    arg [-lgcc] ==> lib [gcc]
    arg [/opt/atk-dlrk356x-toolchain/bin/../lib/gcc/aarch64-buildroot-linux-gnu/10.3.0/crtend.o] ==> ignore
    arg [/opt/atk-dlrk356x-toolchain/aarch64-buildroot-linux-gnu/sysroot/usr/lib/../lib64/crtn.o] ==> ignore
  collapse library dir [/opt/atk-dlrk356x-toolchain/bin/../lib/gcc/aarch64-buildroot-linux-gnu/10.3.0] ==> [/opt/atk-dlrk356x-toolchain/lib/gcc/aarch64-buildroot-linux-gnu/10.3.0]
  collapse library dir [/opt/atk-dlrk356x-toolchain/bin/../lib/gcc] ==> [/opt/atk-dlrk356x-toolchain/lib/gcc]
  collapse library dir [/opt/atk-dlrk356x-toolchain/bin/../lib/gcc/aarch64-buildroot-linux-gnu/10.3.0/../../../../aarch64-buildroot-linux-gnu/lib/../lib64] ==> [/opt/atk-dlrk356x-toolchain/aarch64-buildroot-linux-gnu/lib64]
  collapse library dir [/opt/atk-dlrk356x-toolchain/aarch64-buildroot-linux-gnu/sysroot/lib/../lib64] ==> [/opt/atk-dlrk356x-toolchain/aarch64-buildroot-linux-gnu/sysroot/lib64]
  collapse library dir [/opt/atk-dlrk356x-toolchain/aarch64-buildroot-linux-gnu/sysroot/usr/lib/../lib64] ==> [/opt/atk-dlrk356x-toolchain/aarch64-buildroot-linux-gnu/sysroot/usr/lib64]
  collapse library dir [/opt/atk-dlrk356x-toolchain/bin/../lib/gcc/aarch64-buildroot-linux-gnu/10.3.0/../../../../aarch64-buildroot-linux-gnu/lib] ==> [/opt/atk-dlrk356x-toolchain/aarch64-buildroot-linux-gnu/lib]
  collapse library dir [/opt/atk-dlrk356x-toolchain/aarch64-buildroot-linux-gnu/sysroot/lib] ==> [/opt/atk-dlrk356x-toolchain/aarch64-buildroot-linux-gnu/sysroot/lib]
  collapse library dir [/opt/atk-dlrk356x-toolchain/aarch64-buildroot-linux-gnu/sysroot/usr/lib] ==> [/opt/atk-dlrk356x-toolchain/aarch64-buildroot-linux-gnu/sysroot/usr/lib]
  implicit libs: [stdc++;m;gcc_s;gcc;c;gcc_s;gcc]
  implicit dirs: [/opt/atk-dlrk356x-toolchain/lib/gcc/aarch64-buildroot-linux-gnu/10.3.0;/opt/atk-dlrk356x-toolchain/lib/gcc;/opt/atk-dlrk356x-toolchain/aarch64-buildroot-linux-gnu/lib64;/opt/atk-dlrk356x-toolchain/aarch64-buildroot-linux-gnu/sysroot/lib64;/opt/atk-dlrk356x-toolchain/aarch64-buildroot-linux-gnu/sysroot/usr/lib64;/opt/atk-dlrk356x-toolchain/aarch64-buildroot-linux-gnu/lib;/opt/atk-dlrk356x-toolchain/aarch64-buildroot-linux-gnu/sysroot/lib;/opt/atk-dlrk356x-toolchain/aarch64-buildroot-linux-gnu/sysroot/usr/lib]
  implicit fwks: []


